2019-05-07 08:44:17.299 [main] INFO  com.genius.filemanage.FileManageApplication-Starting FileManageApplication on DESKTOP-B7076NA with PID 19996 (H:\Java\file-manage\target\classes started by liuxh in H:\Java\file-manage)
2019-05-07 08:44:17.305 [main] INFO  com.genius.filemanage.FileManageApplication-No active profile set, falling back to default profiles: default
2019-05-07 08:44:19.151 [main] INFO  o.s.boot.web.embedded.tomcat.TomcatWebServer-Tomcat initialized with port(s): 9999 (http)
2019-05-07 08:44:19.180 [main] INFO  org.apache.coyote.http11.Http11NioProtocol-Initializing ProtocolHandler ["http-nio-9999"]
2019-05-07 08:44:19.213 [main] INFO  org.apache.catalina.core.StandardService-Starting service [Tomcat]
2019-05-07 08:44:19.213 [main] INFO  org.apache.catalina.core.StandardEngine-Starting Servlet engine: [Apache Tomcat/9.0.17]
2019-05-07 08:44:19.400 [main] INFO  o.a.c.c.C.[Tomcat].[localhost].[/file-manage]-Initializing Spring embedded WebApplicationContext
2019-05-07 08:44:19.401 [main] INFO  org.springframework.web.context.ContextLoader-Root WebApplicationContext: initialization completed in 2011 ms
2019-05-07 08:44:19.802 [main] INFO  o.s.scheduling.concurrent.ThreadPoolTaskExecutor-Initializing ExecutorService 'applicationTaskExecutor'
2019-05-07 08:44:20.048 [main] INFO  org.apache.coyote.http11.Http11NioProtocol-Starting ProtocolHandler ["http-nio-9999"]
2019-05-07 08:44:20.086 [main] INFO  o.s.boot.web.embedded.tomcat.TomcatWebServer-Tomcat started on port(s): 9999 (http) with context path '/file-manage'
2019-05-07 08:44:20.089 [main] INFO  com.genius.filemanage.FileManageApplication-Started FileManageApplication in 3.696 seconds (JVM running for 4.811)
2019-05-07 08:47:52.104 [main] INFO  com.genius.filemanage.FileManageApplication-Starting FileManageApplication on DESKTOP-B7076NA with PID 20492 (H:\Java\file-manage\target\classes started by liuxh in H:\Java\file-manage)
2019-05-07 08:47:52.111 [main] INFO  com.genius.filemanage.FileManageApplication-No active profile set, falling back to default profiles: default
2019-05-07 08:47:53.137 [main] INFO  o.s.boot.web.embedded.tomcat.TomcatWebServer-Tomcat initialized with port(s): 9999 (http)
2019-05-07 08:47:53.152 [main] INFO  org.apache.coyote.http11.Http11NioProtocol-Initializing ProtocolHandler ["http-nio-9999"]
2019-05-07 08:47:53.159 [main] INFO  org.apache.catalina.core.StandardService-Starting service [Tomcat]
2019-05-07 08:47:53.160 [main] INFO  org.apache.catalina.core.StandardEngine-Starting Servlet engine: [Apache Tomcat/9.0.17]
2019-05-07 08:47:53.273 [main] INFO  o.a.c.c.C.[Tomcat].[localhost].[/file-manage]-Initializing Spring embedded WebApplicationContext
2019-05-07 08:47:53.273 [main] INFO  org.springframework.web.context.ContextLoader-Root WebApplicationContext: initialization completed in 1086 ms
2019-05-07 08:47:53.332 [main] INFO  o.s.b.f.a.AutowiredAnnotationBeanPostProcessor-Autowired annotation is not supported on static fields: private static java.lang.String com.genius.filemanage.FileManageApplication.contextPath
2019-05-07 08:47:53.505 [main] INFO  o.s.scheduling.concurrent.ThreadPoolTaskExecutor-Initializing ExecutorService 'applicationTaskExecutor'
2019-05-07 08:47:53.693 [main] INFO  org.apache.coyote.http11.Http11NioProtocol-Starting ProtocolHandler ["http-nio-9999"]
2019-05-07 08:47:53.721 [main] INFO  o.s.boot.web.embedded.tomcat.TomcatWebServer-Tomcat started on port(s): 9999 (http) with context path '/file-manage'
2019-05-07 08:47:53.724 [main] INFO  com.genius.filemanage.FileManageApplication-Started FileManageApplication in 2.409 seconds (JVM running for 3.325)
2019-05-07 08:48:23.868 [main] INFO  com.genius.filemanage.FileManageApplication-Starting FileManageApplication on DESKTOP-B7076NA with PID 20736 (H:\Java\file-manage\target\classes started by liuxh in H:\Java\file-manage)
2019-05-07 08:48:23.876 [main] INFO  com.genius.filemanage.FileManageApplication-No active profile set, falling back to default profiles: default
2019-05-07 08:48:24.952 [main] INFO  o.s.boot.web.embedded.tomcat.TomcatWebServer-Tomcat initialized with port(s): 9999 (http)
2019-05-07 08:48:24.971 [main] INFO  org.apache.coyote.http11.Http11NioProtocol-Initializing ProtocolHandler ["http-nio-9999"]
2019-05-07 08:48:24.982 [main] INFO  org.apache.catalina.core.StandardService-Starting service [Tomcat]
2019-05-07 08:48:24.982 [main] INFO  org.apache.catalina.core.StandardEngine-Starting Servlet engine: [Apache Tomcat/9.0.17]
2019-05-07 08:48:25.102 [main] INFO  o.a.c.c.C.[Tomcat].[localhost].[/file-manage]-Initializing Spring embedded WebApplicationContext
2019-05-07 08:48:25.102 [main] INFO  org.springframework.web.context.ContextLoader-Root WebApplicationContext: initialization completed in 1182 ms
2019-05-07 08:48:25.155 [main] INFO  o.s.b.f.a.AutowiredAnnotationBeanPostProcessor-Autowired annotation is not supported on static fields: private static java.lang.String com.genius.filemanage.FileManageApplication.contextPath
2019-05-07 08:48:25.327 [main] INFO  o.s.scheduling.concurrent.ThreadPoolTaskExecutor-Initializing ExecutorService 'applicationTaskExecutor'
2019-05-07 08:48:25.533 [main] INFO  org.apache.coyote.http11.Http11NioProtocol-Starting ProtocolHandler ["http-nio-9999"]
2019-05-07 08:48:25.560 [main] INFO  o.s.boot.web.embedded.tomcat.TomcatWebServer-Tomcat started on port(s): 9999 (http) with context path '/file-manage'
2019-05-07 08:48:25.563 [main] INFO  com.genius.filemanage.FileManageApplication-Started FileManageApplication in 2.279 seconds (JVM running for 3.182)
2019-05-07 08:50:10.657 [main] INFO  com.genius.filemanage.FileManageApplication-Starting FileManageApplication on DESKTOP-B7076NA with PID 21432 (H:\Java\file-manage\target\classes started by liuxh in H:\Java\file-manage)
2019-05-07 08:50:10.665 [main] INFO  com.genius.filemanage.FileManageApplication-No active profile set, falling back to default profiles: default
2019-05-07 08:50:11.780 [main] INFO  o.s.boot.web.embedded.tomcat.TomcatWebServer-Tomcat initialized with port(s): 9999 (http)
2019-05-07 08:50:11.795 [main] INFO  org.apache.coyote.http11.Http11NioProtocol-Initializing ProtocolHandler ["http-nio-9999"]
2019-05-07 08:50:11.802 [main] INFO  org.apache.catalina.core.StandardService-Starting service [Tomcat]
2019-05-07 08:50:11.802 [main] INFO  org.apache.catalina.core.StandardEngine-Starting Servlet engine: [Apache Tomcat/9.0.17]
2019-05-07 08:50:11.915 [main] INFO  o.a.c.c.C.[Tomcat].[localhost].[/file-manage]-Initializing Spring embedded WebApplicationContext
2019-05-07 08:50:11.915 [main] INFO  org.springframework.web.context.ContextLoader-Root WebApplicationContext: initialization completed in 1207 ms
2019-05-07 08:50:12.156 [main] INFO  o.s.scheduling.concurrent.ThreadPoolTaskExecutor-Initializing ExecutorService 'applicationTaskExecutor'
2019-05-07 08:50:12.337 [main] INFO  org.apache.coyote.http11.Http11NioProtocol-Starting ProtocolHandler ["http-nio-9999"]
2019-05-07 08:50:12.363 [main] INFO  o.s.boot.web.embedded.tomcat.TomcatWebServer-Tomcat started on port(s): 9999 (http) with context path '/file-manage'
2019-05-07 08:50:12.366 [main] INFO  com.genius.filemanage.FileManageApplication-Started FileManageApplication in 2.476 seconds (JVM running for 3.388)
2019-05-07 08:50:46.954 [http-nio-9999-exec-1] INFO  o.a.c.c.C.[Tomcat].[localhost].[/file-manage]-Initializing Spring DispatcherServlet 'dispatcherServlet'
2019-05-07 08:50:46.954 [http-nio-9999-exec-1] INFO  org.springframework.web.servlet.DispatcherServlet-Initializing Servlet 'dispatcherServlet'
2019-05-07 08:50:46.960 [http-nio-9999-exec-1] INFO  org.springframework.web.servlet.DispatcherServlet-Completed initialization in 6 ms
2019-05-07 08:50:46.987 [http-nio-9999-exec-1] WARN  o.s.w.s.m.support.DefaultHandlerExceptionResolver-Resolved [org.springframework.web.HttpRequestMethodNotSupportedException: Request method 'POST' not supported]
2019-05-07 08:51:48.276 [main] INFO  com.genius.filemanage.FileManageApplication-Starting FileManageApplication on DESKTOP-B7076NA with PID 22228 (H:\Java\file-manage\target\classes started by liuxh in H:\Java\file-manage)
2019-05-07 08:51:48.283 [main] INFO  com.genius.filemanage.FileManageApplication-No active profile set, falling back to default profiles: default
2019-05-07 08:51:49.304 [main] INFO  o.s.boot.web.embedded.tomcat.TomcatWebServer-Tomcat initialized with port(s): 9999 (http)
2019-05-07 08:51:49.321 [main] INFO  org.apache.coyote.http11.Http11NioProtocol-Initializing ProtocolHandler ["http-nio-9999"]
2019-05-07 08:51:49.329 [main] INFO  org.apache.catalina.core.StandardService-Starting service [Tomcat]
2019-05-07 08:51:49.329 [main] INFO  org.apache.catalina.core.StandardEngine-Starting Servlet engine: [Apache Tomcat/9.0.17]
2019-05-07 08:51:49.445 [main] INFO  o.a.c.c.C.[Tomcat].[localhost].[/file-manage]-Initializing Spring embedded WebApplicationContext
2019-05-07 08:51:49.445 [main] INFO  org.springframework.web.context.ContextLoader-Root WebApplicationContext: initialization completed in 1084 ms
2019-05-07 08:51:49.684 [main] INFO  o.s.scheduling.concurrent.ThreadPoolTaskExecutor-Initializing ExecutorService 'applicationTaskExecutor'
2019-05-07 08:51:49.863 [main] INFO  org.apache.coyote.http11.Http11NioProtocol-Starting ProtocolHandler ["http-nio-9999"]
2019-05-07 08:51:49.888 [main] INFO  o.s.boot.web.embedded.tomcat.TomcatWebServer-Tomcat started on port(s): 9999 (http) with context path '/file-manage'
2019-05-07 08:51:49.893 [main] INFO  com.genius.filemanage.FileManageApplication-Started FileManageApplication in 2.272 seconds (JVM running for 3.202)
2019-05-07 08:51:58.577 [http-nio-9999-exec-1] INFO  o.a.c.c.C.[Tomcat].[localhost].[/file-manage]-Initializing Spring DispatcherServlet 'dispatcherServlet'
2019-05-07 08:51:58.578 [http-nio-9999-exec-1] INFO  org.springframework.web.servlet.DispatcherServlet-Initializing Servlet 'dispatcherServlet'
2019-05-07 08:51:58.585 [http-nio-9999-exec-1] INFO  org.springframework.web.servlet.DispatcherServlet-Completed initialization in 7 ms
2019-05-07 08:52:38.476 [main] INFO  com.genius.filemanage.FileManageApplication-Starting FileManageApplication on DESKTOP-B7076NA with PID 22352 (H:\Java\file-manage\target\classes started by liuxh in H:\Java\file-manage)
2019-05-07 08:52:38.484 [main] INFO  com.genius.filemanage.FileManageApplication-No active profile set, falling back to default profiles: default
2019-05-07 08:52:39.567 [main] INFO  o.s.boot.web.embedded.tomcat.TomcatWebServer-Tomcat initialized with port(s): 9999 (http)
2019-05-07 08:52:39.583 [main] INFO  org.apache.coyote.http11.Http11NioProtocol-Initializing ProtocolHandler ["http-nio-9999"]
2019-05-07 08:52:39.593 [main] INFO  org.apache.catalina.core.StandardService-Starting service [Tomcat]
2019-05-07 08:52:39.593 [main] INFO  org.apache.catalina.core.StandardEngine-Starting Servlet engine: [Apache Tomcat/9.0.17]
2019-05-07 08:52:39.704 [main] INFO  o.a.c.c.C.[Tomcat].[localhost].[/file-manage]-Initializing Spring embedded WebApplicationContext
2019-05-07 08:52:39.705 [main] INFO  org.springframework.web.context.ContextLoader-Root WebApplicationContext: initialization completed in 1133 ms
2019-05-07 08:52:39.926 [main] INFO  o.s.scheduling.concurrent.ThreadPoolTaskExecutor-Initializing ExecutorService 'applicationTaskExecutor'
2019-05-07 08:52:40.108 [main] INFO  org.apache.coyote.http11.Http11NioProtocol-Starting ProtocolHandler ["http-nio-9999"]
2019-05-07 08:52:40.136 [main] INFO  o.s.boot.web.embedded.tomcat.TomcatWebServer-Tomcat started on port(s): 9999 (http) with context path '/file-manage'
2019-05-07 08:52:40.139 [main] INFO  com.genius.filemanage.FileManageApplication-Started FileManageApplication in 2.351 seconds (JVM running for 3.188)
2019-05-07 08:52:44.483 [http-nio-9999-exec-3] INFO  o.a.c.c.C.[Tomcat].[localhost].[/file-manage]-Initializing Spring DispatcherServlet 'dispatcherServlet'
2019-05-07 08:52:44.484 [http-nio-9999-exec-3] INFO  org.springframework.web.servlet.DispatcherServlet-Initializing Servlet 'dispatcherServlet'
2019-05-07 08:52:44.491 [http-nio-9999-exec-3] INFO  org.springframework.web.servlet.DispatcherServlet-Completed initialization in 7 ms
2019-05-07 08:53:18.360 [main] INFO  com.genius.filemanage.FileManageApplication-Starting FileManageApplication on DESKTOP-B7076NA with PID 19636 (H:\Java\file-manage\target\classes started by liuxh in H:\Java\file-manage)
2019-05-07 08:53:18.369 [main] INFO  com.genius.filemanage.FileManageApplication-No active profile set, falling back to default profiles: default
2019-05-07 08:53:19.483 [main] INFO  o.s.boot.web.embedded.tomcat.TomcatWebServer-Tomcat initialized with port(s): 9999 (http)
2019-05-07 08:53:19.502 [main] INFO  org.apache.coyote.http11.Http11NioProtocol-Initializing ProtocolHandler ["http-nio-9999"]
2019-05-07 08:53:19.512 [main] INFO  org.apache.catalina.core.StandardService-Starting service [Tomcat]
2019-05-07 08:53:19.512 [main] INFO  org.apache.catalina.core.StandardEngine-Starting Servlet engine: [Apache Tomcat/9.0.17]
2019-05-07 08:53:19.638 [main] INFO  o.a.c.c.C.[Tomcat].[localhost].[/file-manage]-Initializing Spring embedded WebApplicationContext
2019-05-07 08:53:19.638 [main] INFO  org.springframework.web.context.ContextLoader-Root WebApplicationContext: initialization completed in 1211 ms
2019-05-07 08:53:19.860 [main] INFO  o.s.scheduling.concurrent.ThreadPoolTaskExecutor-Initializing ExecutorService 'applicationTaskExecutor'
2019-05-07 08:53:20.034 [main] INFO  org.apache.coyote.http11.Http11NioProtocol-Starting ProtocolHandler ["http-nio-9999"]
2019-05-07 08:53:20.060 [main] INFO  o.s.boot.web.embedded.tomcat.TomcatWebServer-Tomcat started on port(s): 9999 (http) with context path '/file-manage'
2019-05-07 08:53:20.063 [main] INFO  com.genius.filemanage.FileManageApplication-Started FileManageApplication in 2.321 seconds (JVM running for 3.155)
2019-05-07 08:53:23.918 [http-nio-9999-exec-2] INFO  o.a.c.c.C.[Tomcat].[localhost].[/file-manage]-Initializing Spring DispatcherServlet 'dispatcherServlet'
2019-05-07 08:53:23.919 [http-nio-9999-exec-2] INFO  org.springframework.web.servlet.DispatcherServlet-Initializing Servlet 'dispatcherServlet'
2019-05-07 08:53:23.926 [http-nio-9999-exec-2] INFO  org.springframework.web.servlet.DispatcherServlet-Completed initialization in 7 ms
