2020-06-30 21:15:57.232 [main] WARN  o.s.b.t.j.DuplicateJsonObjectContextCustomizerFactory$DuplicateJsonObjectContextCustomizer-

Found multiple occurrences of org.json.JSONObject on the class path:

	jar:file:/Users/liuxh/Maven/repo/com/vaadin/external/google/android-json/0.0.20131108.vaadin1/android-json-0.0.20131108.vaadin1.jar!/org/json/JSONObject.class
	jar:file:/Users/liuxh/Maven/repo/org/json/json/1.1.0/json-1.1.0.jar!/org/json/JSONObject.class

You may wish to exclude one of them to ensure predictable runtime behavior

2020-06-30 21:15:57.243 [main] INFO  com.genius.filemanage.FileManageApplicationTests-Starting FileManageApplicationTests on Genius.local with PID 61133 (started by liuxh in /Users/liuxh/JavaCode/file-manage)
2020-06-30 21:15:57.244 [main] INFO  com.genius.filemanage.FileManageApplicationTests-No active profile set, falling back to default profiles: default
2020-06-30 21:15:58.242 [main] INFO  o.s.scheduling.concurrent.ThreadPoolTaskExecutor-Initializing ExecutorService 'applicationTaskExecutor'
2020-06-30 21:15:58.546 [main] INFO  com.genius.filemanage.FileManageApplicationTests-Started FileManageApplicationTests in 1.543 seconds (JVM running for 2.006)
2020-06-30 21:15:58.667 [Thread-2] INFO  o.s.scheduling.concurrent.ThreadPoolTaskExecutor-Shutting down ExecutorService 'applicationTaskExecutor'
2020-06-30 21:37:03.085 [main] WARN  o.s.b.t.j.DuplicateJsonObjectContextCustomizerFactory$DuplicateJsonObjectContextCustomizer-

Found multiple occurrences of org.json.JSONObject on the class path:

	jar:file:/Users/liuxh/Maven/repo/com/vaadin/external/google/android-json/0.0.20131108.vaadin1/android-json-0.0.20131108.vaadin1.jar!/org/json/JSONObject.class
	jar:file:/Users/liuxh/Maven/repo/org/json/json/1.1.0/json-1.1.0.jar!/org/json/JSONObject.class

You may wish to exclude one of them to ensure predictable runtime behavior

2020-06-30 21:37:03.096 [main] INFO  com.genius.filemanage.FileManageApplicationTests-Starting FileManageApplicationTests on Genius.local with PID 70733 (started by liuxh in /Users/liuxh/JavaCode/file-manage)
2020-06-30 21:37:03.097 [main] INFO  com.genius.filemanage.FileManageApplicationTests-No active profile set, falling back to default profiles: default
2020-06-30 21:37:04.047 [main] INFO  o.s.scheduling.concurrent.ThreadPoolTaskExecutor-Initializing ExecutorService 'applicationTaskExecutor'
2020-06-30 21:37:04.303 [main] INFO  com.genius.filemanage.FileManageApplicationTests-Started FileManageApplicationTests in 1.442 seconds (JVM running for 1.924)
2020-06-30 21:37:04.428 [Thread-2] INFO  o.s.scheduling.concurrent.ThreadPoolTaskExecutor-Shutting down ExecutorService 'applicationTaskExecutor'
2020-06-30 21:56:17.336 [main] INFO  com.genius.filemanage.FileManageApplication-Starting FileManageApplication on Genius.local with PID 79370 (/Users/liuxh/JavaCode/file-manage/target/classes started by liuxh in /Users/liuxh/JavaCode/file-manage)
2020-06-30 21:56:17.340 [main] INFO  com.genius.filemanage.FileManageApplication-No active profile set, falling back to default profiles: default
2020-06-30 21:56:18.238 [main] INFO  o.s.boot.web.embedded.tomcat.TomcatWebServer-Tomcat initialized with port(s): 9999 (http)
2020-06-30 21:56:18.249 [main] INFO  org.apache.coyote.http11.Http11NioProtocol-Initializing ProtocolHandler ["http-nio-9999"]
2020-06-30 21:56:18.268 [main] INFO  org.apache.catalina.core.StandardService-Starting service [Tomcat]
2020-06-30 21:56:18.269 [main] INFO  org.apache.catalina.core.StandardEngine-Starting Servlet engine: [Apache Tomcat/9.0.17]
2020-06-30 21:56:18.343 [main] INFO  o.a.c.c.C.[Tomcat].[localhost].[/file-manage]-Initializing Spring embedded WebApplicationContext
2020-06-30 21:56:18.343 [main] INFO  org.springframework.web.context.ContextLoader-Root WebApplicationContext: initialization completed in 932 ms
2020-06-30 21:56:18.544 [main] INFO  o.s.scheduling.concurrent.ThreadPoolTaskExecutor-Initializing ExecutorService 'applicationTaskExecutor'
2020-06-30 21:56:18.729 [main] INFO  org.apache.coyote.http11.Http11NioProtocol-Starting ProtocolHandler ["http-nio-9999"]
2020-06-30 21:56:18.758 [main] INFO  o.s.boot.web.embedded.tomcat.TomcatWebServer-Tomcat started on port(s): 9999 (http) with context path '/file-manage'
2020-06-30 21:56:18.761 [main] INFO  com.genius.filemanage.FileManageApplication-Started FileManageApplication in 2.29 seconds (JVM running for 3.258)
2020-06-30 21:58:05.618 [http-nio-9999-exec-1] INFO  o.a.c.c.C.[Tomcat].[localhost].[/file-manage]-Initializing Spring DispatcherServlet 'dispatcherServlet'
2020-06-30 21:58:05.618 [http-nio-9999-exec-1] INFO  org.springframework.web.servlet.DispatcherServlet-Initializing Servlet 'dispatcherServlet'
2020-06-30 21:58:05.628 [http-nio-9999-exec-1] INFO  org.springframework.web.servlet.DispatcherServlet-Completed initialization in 9 ms
2020-06-30 21:58:05.685 [http-nio-9999-exec-1] INFO  com.genius.filemanage.business.service.FileService--->upload Request Address : 0:0:0:0:0:0:0:1
2020-06-30 21:58:05.686 [http-nio-9999-exec-1] INFO  com.genius.filemanage.business.service.FileService--->upload Begin. Path : test
2020-06-30 21:58:05.687 [http-nio-9999-exec-1] INFO  com.genius.filemanage.business.service.FileService--->upload Finish. Path : test/
2020-06-30 21:58:05.689 [http-nio-9999-exec-1] INFO  com.genius.filemanage.common.utils.FileUtils--->upload fileRealName : index.html
2020-06-30 21:58:05.689 [http-nio-9999-exec-1] INFO  com.genius.filemanage.common.utils.FileUtils--->upload fileName : index
2020-06-30 21:58:05.750 [http-nio-9999-exec-1] INFO  com.genius.filemanage.common.utils.FileUtils--->upload Success file : []
2020-06-30 21:58:05.751 [http-nio-9999-exec-1] INFO  com.genius.filemanage.common.utils.FileUtils--->upload Invalid file : []
2020-06-30 21:58:05.793 [http-nio-9999-exec-1] INFO  com.genius.filemanage.common.utils.FileUtils--->upload Fail file : [{"errMsg":"java.io.FileNotFoundException: /file-manage/upload-files/test/index_1593525485689.html (No such file or directory)","name":"index.html","size":839,"type":"html"}]
2020-06-30 21:58:50.858 [Thread-7] INFO  o.s.scheduling.concurrent.ThreadPoolTaskExecutor-Shutting down ExecutorService 'applicationTaskExecutor'
2020-06-30 21:58:54.060 [main] INFO  com.genius.filemanage.FileManageApplication-Starting FileManageApplication on Genius.local with PID 80545 (/Users/liuxh/JavaCode/file-manage/target/classes started by liuxh in /Users/liuxh/JavaCode/file-manage)
2020-06-30 21:58:54.062 [main] INFO  com.genius.filemanage.FileManageApplication-No active profile set, falling back to default profiles: default
2020-06-30 21:58:54.889 [main] INFO  o.s.boot.web.embedded.tomcat.TomcatWebServer-Tomcat initialized with port(s): 9999 (http)
2020-06-30 21:58:54.900 [main] INFO  org.apache.coyote.http11.Http11NioProtocol-Initializing ProtocolHandler ["http-nio-9999"]
2020-06-30 21:58:54.907 [main] INFO  org.apache.catalina.core.StandardService-Starting service [Tomcat]
2020-06-30 21:58:54.907 [main] INFO  org.apache.catalina.core.StandardEngine-Starting Servlet engine: [Apache Tomcat/9.0.17]
2020-06-30 21:58:54.986 [main] INFO  o.a.c.c.C.[Tomcat].[localhost].[/file-manage]-Initializing Spring embedded WebApplicationContext
2020-06-30 21:58:54.986 [main] INFO  org.springframework.web.context.ContextLoader-Root WebApplicationContext: initialization completed in 884 ms
2020-06-30 21:58:55.200 [main] INFO  o.s.scheduling.concurrent.ThreadPoolTaskExecutor-Initializing ExecutorService 'applicationTaskExecutor'
2020-06-30 21:58:55.401 [main] INFO  org.apache.coyote.http11.Http11NioProtocol-Starting ProtocolHandler ["http-nio-9999"]
2020-06-30 21:58:55.437 [main] INFO  o.s.boot.web.embedded.tomcat.TomcatWebServer-Tomcat started on port(s): 9999 (http) with context path '/file-manage'
2020-06-30 21:58:55.440 [main] INFO  com.genius.filemanage.FileManageApplication-Started FileManageApplication in 1.772 seconds (JVM running for 2.369)
2020-06-30 21:59:02.614 [http-nio-9999-exec-1] INFO  o.a.c.c.C.[Tomcat].[localhost].[/file-manage]-Initializing Spring DispatcherServlet 'dispatcherServlet'
2020-06-30 21:59:02.614 [http-nio-9999-exec-1] INFO  org.springframework.web.servlet.DispatcherServlet-Initializing Servlet 'dispatcherServlet'
2020-06-30 21:59:02.620 [http-nio-9999-exec-1] INFO  org.springframework.web.servlet.DispatcherServlet-Completed initialization in 6 ms
2020-06-30 21:59:02.688 [http-nio-9999-exec-1] INFO  com.genius.filemanage.business.service.FileService--->upload Request Address : 0:0:0:0:0:0:0:1
2020-06-30 21:59:02.690 [http-nio-9999-exec-1] INFO  com.genius.filemanage.business.service.FileService--->upload Begin. Path : test
2020-06-30 21:59:02.691 [http-nio-9999-exec-1] INFO  com.genius.filemanage.business.service.FileService--->upload Finish. Path : test/
2020-06-30 21:59:02.693 [http-nio-9999-exec-1] INFO  com.genius.filemanage.common.utils.FileUtils--->upload fileRealName : index.html
2020-06-30 21:59:02.693 [http-nio-9999-exec-1] INFO  com.genius.filemanage.common.utils.FileUtils--->upload fileName : index
2020-06-30 21:59:02.800 [http-nio-9999-exec-1] INFO  com.genius.filemanage.common.utils.FileUtils--->upload Success file : [{"name":"index.html","path":"/test/index_1593525542693.html","size":839,"type":"html"}]
2020-06-30 21:59:02.801 [http-nio-9999-exec-1] INFO  com.genius.filemanage.common.utils.FileUtils--->upload Invalid file : []
2020-06-30 21:59:02.801 [http-nio-9999-exec-1] INFO  com.genius.filemanage.common.utils.FileUtils--->upload Fail file : []
2020-06-30 21:59:33.428 [Thread-6] INFO  o.s.scheduling.concurrent.ThreadPoolTaskExecutor-Shutting down ExecutorService 'applicationTaskExecutor'
2020-06-30 21:59:43.124 [main] WARN  o.s.b.t.j.DuplicateJsonObjectContextCustomizerFactory$DuplicateJsonObjectContextCustomizer-

Found multiple occurrences of org.json.JSONObject on the class path:

	jar:file:/Users/liuxh/Maven/repo/com/vaadin/external/google/android-json/0.0.20131108.vaadin1/android-json-0.0.20131108.vaadin1.jar!/org/json/JSONObject.class
	jar:file:/Users/liuxh/Maven/repo/org/json/json/1.1.0/json-1.1.0.jar!/org/json/JSONObject.class

You may wish to exclude one of them to ensure predictable runtime behavior

2020-06-30 21:59:43.137 [main] INFO  com.genius.filemanage.FileManageApplicationTests-Starting FileManageApplicationTests on Genius.local with PID 80945 (started by liuxh in /Users/liuxh/JavaCode/file-manage)
2020-06-30 21:59:43.138 [main] INFO  com.genius.filemanage.FileManageApplicationTests-No active profile set, falling back to default profiles: default
2020-06-30 21:59:44.323 [main] INFO  o.s.scheduling.concurrent.ThreadPoolTaskExecutor-Initializing ExecutorService 'applicationTaskExecutor'
2020-06-30 21:59:44.624 [main] INFO  com.genius.filemanage.FileManageApplicationTests-Started FileManageApplicationTests in 1.798 seconds (JVM running for 2.337)
2020-06-30 21:59:44.834 [Thread-2] INFO  o.s.scheduling.concurrent.ThreadPoolTaskExecutor-Shutting down ExecutorService 'applicationTaskExecutor'
2020-06-30 22:12:04.052 [main] WARN  o.s.b.t.j.DuplicateJsonObjectContextCustomizerFactory$DuplicateJsonObjectContextCustomizer-

Found multiple occurrences of org.json.JSONObject on the class path:

	jar:file:/Users/liuxh/Maven/repo/com/vaadin/external/google/android-json/0.0.20131108.vaadin1/android-json-0.0.20131108.vaadin1.jar!/org/json/JSONObject.class
	jar:file:/Users/liuxh/Maven/repo/org/json/json/1.1.0/json-1.1.0.jar!/org/json/JSONObject.class

You may wish to exclude one of them to ensure predictable runtime behavior

2020-06-30 22:12:04.068 [main] INFO  com.genius.filemanage.FileManageApplicationTests-Starting FileManageApplicationTests on Genius.local with PID 86530 (started by liuxh in /Users/liuxh/JavaCode/file-manage)
2020-06-30 22:12:04.069 [main] INFO  com.genius.filemanage.FileManageApplicationTests-No active profile set, falling back to default profiles: default
2020-06-30 22:12:05.449 [main] INFO  o.s.scheduling.concurrent.ThreadPoolTaskExecutor-Initializing ExecutorService 'applicationTaskExecutor'
2020-06-30 22:12:05.742 [main] INFO  com.genius.filemanage.FileManageApplicationTests-Started FileManageApplicationTests in 2.007 seconds (JVM running for 2.631)
2020-06-30 22:12:05.918 [Thread-2] INFO  o.s.scheduling.concurrent.ThreadPoolTaskExecutor-Shutting down ExecutorService 'applicationTaskExecutor'
2020-06-30 22:28:06.264 [main] WARN  o.s.b.t.j.DuplicateJsonObjectContextCustomizerFactory$DuplicateJsonObjectContextCustomizer-

Found multiple occurrences of org.json.JSONObject on the class path:

	jar:file:/Users/liuxh/Maven/repo/com/vaadin/external/google/android-json/0.0.20131108.vaadin1/android-json-0.0.20131108.vaadin1.jar!/org/json/JSONObject.class
	jar:file:/Users/liuxh/Maven/repo/org/json/json/1.1.0/json-1.1.0.jar!/org/json/JSONObject.class

You may wish to exclude one of them to ensure predictable runtime behavior

2020-06-30 22:28:06.276 [main] INFO  com.genius.filemanage.FileManageApplicationTests-Starting FileManageApplicationTests on Genius.local with PID 93835 (started by liuxh in /Users/liuxh/JavaCode/file-manage)
2020-06-30 22:28:06.277 [main] INFO  com.genius.filemanage.FileManageApplicationTests-No active profile set, falling back to default profiles: default
2020-06-30 22:28:07.394 [main] INFO  o.s.scheduling.concurrent.ThreadPoolTaskExecutor-Initializing ExecutorService 'applicationTaskExecutor'
2020-06-30 22:28:07.681 [main] INFO  com.genius.filemanage.FileManageApplicationTests-Started FileManageApplicationTests in 1.691 seconds (JVM running for 2.204)
2020-06-30 22:28:07.858 [Thread-2] INFO  o.s.scheduling.concurrent.ThreadPoolTaskExecutor-Shutting down ExecutorService 'applicationTaskExecutor'
2020-06-30 22:31:44.358 [main] INFO  com.genius.filemanage.FileManageApplication-Starting FileManageApplication on Genius.local with PID 95506 (/Users/liuxh/JavaCode/file-manage/target/classes started by liuxh in /Users/liuxh/JavaCode/file-manage)
2020-06-30 22:31:44.361 [main] INFO  com.genius.filemanage.FileManageApplication-No active profile set, falling back to default profiles: default
2020-06-30 22:31:45.185 [main] INFO  o.s.boot.web.embedded.tomcat.TomcatWebServer-Tomcat initialized with port(s): 9999 (http)
2020-06-30 22:31:45.196 [main] INFO  org.apache.coyote.http11.Http11NioProtocol-Initializing ProtocolHandler ["http-nio-9999"]
2020-06-30 22:31:45.203 [main] INFO  org.apache.catalina.core.StandardService-Starting service [Tomcat]
2020-06-30 22:31:45.203 [main] INFO  org.apache.catalina.core.StandardEngine-Starting Servlet engine: [Apache Tomcat/9.0.17]
2020-06-30 22:31:45.278 [main] INFO  o.a.c.c.C.[Tomcat].[localhost].[/file-manage]-Initializing Spring embedded WebApplicationContext
2020-06-30 22:31:45.278 [main] INFO  org.springframework.web.context.ContextLoader-Root WebApplicationContext: initialization completed in 865 ms
2020-06-30 22:31:45.442 [main] INFO  o.s.scheduling.concurrent.ThreadPoolTaskExecutor-Initializing ExecutorService 'applicationTaskExecutor'
2020-06-30 22:31:45.594 [main] INFO  org.apache.coyote.http11.Http11NioProtocol-Starting ProtocolHandler ["http-nio-9999"]
2020-06-30 22:31:45.616 [main] ERROR org.apache.catalina.util.LifecycleBase-Failed to start component [Connector[HTTP/1.1-9999]]
org.apache.catalina.LifecycleException: Protocol handler start failed
	at org.apache.catalina.connector.Connector.startInternal(Connector.java:1008)
	at org.apache.catalina.util.LifecycleBase.start(LifecycleBase.java:183)
	at org.apache.catalina.core.StandardService.addConnector(StandardService.java:226)
	at org.springframework.boot.web.embedded.tomcat.TomcatWebServer.addPreviouslyRemovedConnectors(TomcatWebServer.java:259)
	at org.springframework.boot.web.embedded.tomcat.TomcatWebServer.start(TomcatWebServer.java:197)
	at org.springframework.boot.web.servlet.context.ServletWebServerApplicationContext.startWebServer(ServletWebServerApplicationContext.java:311)
	at org.springframework.boot.web.servlet.context.ServletWebServerApplicationContext.finishRefresh(ServletWebServerApplicationContext.java:164)
	at org.springframework.context.support.AbstractApplicationContext.refresh(AbstractApplicationContext.java:552)
	at org.springframework.boot.web.servlet.context.ServletWebServerApplicationContext.refresh(ServletWebServerApplicationContext.java:142)
	at org.springframework.boot.SpringApplication.refresh(SpringApplication.java:775)
	at org.springframework.boot.SpringApplication.refreshContext(SpringApplication.java:397)
	at org.springframework.boot.SpringApplication.run(SpringApplication.java:316)
	at org.springframework.boot.SpringApplication.run(SpringApplication.java:1260)
	at org.springframework.boot.SpringApplication.run(SpringApplication.java:1248)
	at com.genius.filemanage.FileManageApplication.main(FileManageApplication.java:10)
Caused by: java.net.BindException: Address already in use
	at sun.nio.ch.Net.bind0(Native Method)
	at sun.nio.ch.Net.bind(Net.java:433)
	at sun.nio.ch.Net.bind(Net.java:425)
	at sun.nio.ch.ServerSocketChannelImpl.bind(ServerSocketChannelImpl.java:223)
	at sun.nio.ch.ServerSocketAdaptor.bind(ServerSocketAdaptor.java:74)
	at org.apache.tomcat.util.net.NioEndpoint.initServerSocket(NioEndpoint.java:236)
	at org.apache.tomcat.util.net.NioEndpoint.bind(NioEndpoint.java:210)
	at org.apache.tomcat.util.net.AbstractEndpoint.bindWithCleanup(AbstractEndpoint.java:1103)
	at org.apache.tomcat.util.net.AbstractEndpoint.start(AbstractEndpoint.java:1189)
	at org.apache.coyote.AbstractProtocol.start(AbstractProtocol.java:568)
	at org.apache.catalina.connector.Connector.startInternal(Connector.java:1005)
	... 14 common frames omitted
2020-06-30 22:31:45.620 [main] INFO  org.apache.coyote.http11.Http11NioProtocol-Pausing ProtocolHandler ["http-nio-9999"]
2020-06-30 22:31:45.621 [main] INFO  org.apache.catalina.core.StandardService-Stopping service [Tomcat]
2020-06-30 22:31:45.627 [main] INFO  org.apache.catalina.util.LifecycleBase-The stop() method was called on component [StandardServer[-1]] after stop() had already been called. The second call will be ignored.
2020-06-30 22:31:45.627 [main] INFO  org.apache.coyote.http11.Http11NioProtocol-Stopping ProtocolHandler ["http-nio-9999"]
2020-06-30 22:31:45.627 [main] INFO  org.apache.coyote.http11.Http11NioProtocol-Destroying ProtocolHandler ["http-nio-9999"]
2020-06-30 22:31:45.629 [main] INFO  o.s.b.a.l.ConditionEvaluationReportLoggingListener-

Error starting ApplicationContext. To display the conditions report re-run your application with 'debug' enabled.
2020-06-30 22:31:45.633 [main] ERROR o.s.b.diagnostics.LoggingFailureAnalysisReporter-

***************************
APPLICATION FAILED TO START
***************************

Description:

The Tomcat connector configured to listen on port 9999 failed to start. The port may already be in use or the connector may be misconfigured.

Action:

Verify the connector's configuration, identify and stop any process that's listening on port 9999, or configure this application to listen on another port.

2020-06-30 22:31:45.636 [main] INFO  o.s.scheduling.concurrent.ThreadPoolTaskExecutor-Shutting down ExecutorService 'applicationTaskExecutor'
2020-06-30 22:32:05.863 [main] INFO  com.genius.filemanage.FileManageApplication-Starting FileManageApplication on Genius.local with PID 95682 (/Users/liuxh/JavaCode/file-manage/target/classes started by liuxh in /Users/liuxh/JavaCode/file-manage)
2020-06-30 22:32:05.869 [main] INFO  com.genius.filemanage.FileManageApplication-No active profile set, falling back to default profiles: default
2020-06-30 22:32:06.754 [main] INFO  o.s.boot.web.embedded.tomcat.TomcatWebServer-Tomcat initialized with port(s): 9999 (http)
2020-06-30 22:32:06.763 [main] INFO  org.apache.coyote.http11.Http11NioProtocol-Initializing ProtocolHandler ["http-nio-9999"]
2020-06-30 22:32:06.770 [main] INFO  org.apache.catalina.core.StandardService-Starting service [Tomcat]
2020-06-30 22:32:06.771 [main] INFO  org.apache.catalina.core.StandardEngine-Starting Servlet engine: [Apache Tomcat/9.0.17]
2020-06-30 22:32:06.841 [main] INFO  o.a.c.c.C.[Tomcat].[localhost].[/file-manage]-Initializing Spring embedded WebApplicationContext
2020-06-30 22:32:06.841 [main] INFO  org.springframework.web.context.ContextLoader-Root WebApplicationContext: initialization completed in 923 ms
2020-06-30 22:32:07.034 [main] INFO  o.s.scheduling.concurrent.ThreadPoolTaskExecutor-Initializing ExecutorService 'applicationTaskExecutor'
2020-06-30 22:32:07.189 [main] INFO  org.apache.coyote.http11.Http11NioProtocol-Starting ProtocolHandler ["http-nio-9999"]
2020-06-30 22:32:07.214 [main] INFO  o.s.boot.web.embedded.tomcat.TomcatWebServer-Tomcat started on port(s): 9999 (http) with context path '/file-manage'
2020-06-30 22:32:07.217 [main] INFO  com.genius.filemanage.FileManageApplication-Started FileManageApplication in 1.681 seconds (JVM running for 2.204)
2020-06-30 22:32:16.390 [Thread-5] INFO  o.s.scheduling.concurrent.ThreadPoolTaskExecutor-Shutting down ExecutorService 'applicationTaskExecutor'
2020-06-30 22:32:23.761 [main] INFO  com.genius.filemanage.FileManageApplication-Starting FileManageApplication on Genius.local with PID 95799 (/Users/liuxh/JavaCode/file-manage/target/classes started by liuxh in /Users/liuxh/JavaCode/file-manage)
2020-06-30 22:32:23.764 [main] INFO  com.genius.filemanage.FileManageApplication-No active profile set, falling back to default profiles: default
2020-06-30 22:32:24.623 [main] INFO  o.s.boot.web.embedded.tomcat.TomcatWebServer-Tomcat initialized with port(s): 9999 (http)
2020-06-30 22:32:24.633 [main] INFO  org.apache.coyote.http11.Http11NioProtocol-Initializing ProtocolHandler ["http-nio-9999"]
2020-06-30 22:32:24.640 [main] INFO  org.apache.catalina.core.StandardService-Starting service [Tomcat]
2020-06-30 22:32:24.640 [main] INFO  org.apache.catalina.core.StandardEngine-Starting Servlet engine: [Apache Tomcat/9.0.17]
2020-06-30 22:32:24.712 [main] INFO  o.a.c.c.C.[Tomcat].[localhost].[/file-manage]-Initializing Spring embedded WebApplicationContext
2020-06-30 22:32:24.713 [main] INFO  org.springframework.web.context.ContextLoader-Root WebApplicationContext: initialization completed in 915 ms
2020-06-30 22:32:24.915 [main] INFO  o.s.scheduling.concurrent.ThreadPoolTaskExecutor-Initializing ExecutorService 'applicationTaskExecutor'
2020-06-30 22:32:25.123 [main] INFO  org.apache.coyote.http11.Http11NioProtocol-Starting ProtocolHandler ["http-nio-9999"]
2020-06-30 22:32:25.156 [main] INFO  o.s.boot.web.embedded.tomcat.TomcatWebServer-Tomcat started on port(s): 9999 (http) with context path '/file-manage'
2020-06-30 22:32:25.160 [main] INFO  com.genius.filemanage.FileManageApplication-Started FileManageApplication in 1.75 seconds (JVM running for 2.327)
2020-06-30 22:32:45.087 [http-nio-9999-exec-1] INFO  o.a.c.c.C.[Tomcat].[localhost].[/file-manage]-Initializing Spring DispatcherServlet 'dispatcherServlet'
2020-06-30 22:32:45.088 [http-nio-9999-exec-1] INFO  org.springframework.web.servlet.DispatcherServlet-Initializing Servlet 'dispatcherServlet'
2020-06-30 22:32:45.095 [http-nio-9999-exec-1] INFO  org.springframework.web.servlet.DispatcherServlet-Completed initialization in 7 ms
2020-06-30 22:32:45.190 [http-nio-9999-exec-1] INFO  com.genius.filemanage.business.service.FileService--->upload Request Address : 0:0:0:0:0:0:0:1
2020-06-30 22:32:45.191 [http-nio-9999-exec-1] INFO  com.genius.filemanage.business.service.FileService--->upload Begin. Path : test
2020-06-30 22:32:45.192 [http-nio-9999-exec-1] INFO  com.genius.filemanage.business.service.FileService--->upload Finish. Path : test/
2020-06-30 22:32:45.245 [http-nio-9999-exec-1] INFO  com.genius.filemanage.common.utils.FileUtils--->upload Success file : []
2020-06-30 22:32:45.245 [http-nio-9999-exec-1] INFO  com.genius.filemanage.common.utils.FileUtils--->upload Invalid file : []
2020-06-30 22:32:45.245 [http-nio-9999-exec-1] INFO  com.genius.filemanage.common.utils.FileUtils--->upload Fail file : []
2020-06-30 22:34:24.983 [http-nio-9999-exec-3] INFO  com.genius.filemanage.business.service.FileService--->upload Request Address : 0:0:0:0:0:0:0:1
2020-06-30 22:34:24.984 [http-nio-9999-exec-3] INFO  com.genius.filemanage.business.service.FileService--->upload Begin. Path : test
2020-06-30 22:34:24.984 [http-nio-9999-exec-3] INFO  com.genius.filemanage.business.service.FileService--->upload Finish. Path : test/
2020-06-30 22:34:24.984 [http-nio-9999-exec-3] INFO  com.genius.filemanage.common.utils.FileUtils--->upload Success file : []
2020-06-30 22:34:24.984 [http-nio-9999-exec-3] INFO  com.genius.filemanage.common.utils.FileUtils--->upload Invalid file : []
2020-06-30 22:34:24.984 [http-nio-9999-exec-3] INFO  com.genius.filemanage.common.utils.FileUtils--->upload Fail file : []
2020-06-30 22:39:45.953 [Thread-6] INFO  o.s.scheduling.concurrent.ThreadPoolTaskExecutor-Shutting down ExecutorService 'applicationTaskExecutor'
2020-06-30 22:40:20.993 [main] INFO  com.genius.filemanage.FileManageApplication-Starting FileManageApplication on Genius.local with PID 99162 (/Users/liuxh/JavaCode/file-manage/target/classes started by liuxh in /Users/liuxh/JavaCode/file-manage)
2020-06-30 22:40:20.996 [main] INFO  com.genius.filemanage.FileManageApplication-No active profile set, falling back to default profiles: default
2020-06-30 22:40:21.929 [main] INFO  o.s.boot.web.embedded.tomcat.TomcatWebServer-Tomcat initialized with port(s): 9999 (http)
2020-06-30 22:40:21.939 [main] INFO  org.apache.coyote.http11.Http11NioProtocol-Initializing ProtocolHandler ["http-nio-9999"]
2020-06-30 22:40:21.946 [main] INFO  org.apache.catalina.core.StandardService-Starting service [Tomcat]
2020-06-30 22:40:21.947 [main] INFO  org.apache.catalina.core.StandardEngine-Starting Servlet engine: [Apache Tomcat/9.0.17]
2020-06-30 22:40:22.026 [main] INFO  o.a.c.c.C.[Tomcat].[localhost].[/file-manage]-Initializing Spring embedded WebApplicationContext
2020-06-30 22:40:22.026 [main] INFO  org.springframework.web.context.ContextLoader-Root WebApplicationContext: initialization completed in 989 ms
2020-06-30 22:40:22.265 [main] INFO  o.s.scheduling.concurrent.ThreadPoolTaskExecutor-Initializing ExecutorService 'applicationTaskExecutor'
2020-06-30 22:40:22.415 [main] INFO  org.apache.coyote.http11.Http11NioProtocol-Starting ProtocolHandler ["http-nio-9999"]
2020-06-30 22:40:22.441 [main] INFO  o.s.boot.web.embedded.tomcat.TomcatWebServer-Tomcat started on port(s): 9999 (http) with context path '/file-manage'
2020-06-30 22:40:22.444 [main] INFO  com.genius.filemanage.FileManageApplication-Started FileManageApplication in 1.878 seconds (JVM running for 2.475)
2020-06-30 22:40:26.573 [http-nio-9999-exec-1] INFO  o.a.c.c.C.[Tomcat].[localhost].[/file-manage]-Initializing Spring DispatcherServlet 'dispatcherServlet'
2020-06-30 22:40:26.573 [http-nio-9999-exec-1] INFO  org.springframework.web.servlet.DispatcherServlet-Initializing Servlet 'dispatcherServlet'
2020-06-30 22:40:26.579 [http-nio-9999-exec-1] INFO  org.springframework.web.servlet.DispatcherServlet-Completed initialization in 6 ms
2020-06-30 22:40:26.631 [http-nio-9999-exec-1] INFO  com.genius.filemanage.business.service.FileService--->upload Request Address : 0:0:0:0:0:0:0:1
2020-06-30 22:40:26.632 [http-nio-9999-exec-1] INFO  com.genius.filemanage.business.service.FileService--->upload Begin. Path : test
2020-06-30 22:40:26.633 [http-nio-9999-exec-1] INFO  com.genius.filemanage.business.service.FileService--->upload Finish. Path : test/
2020-06-30 22:40:26.634 [http-nio-9999-exec-1] INFO  com.genius.filemanage.common.utils.FileUtils--->upload fileRealName : index.html
2020-06-30 22:40:26.634 [http-nio-9999-exec-1] INFO  com.genius.filemanage.common.utils.FileUtils--->upload fileName : index
2020-06-30 22:40:26.721 [http-nio-9999-exec-1] INFO  com.genius.filemanage.common.utils.FileUtils--->upload Success file : [{"name":"index.html","path":"/test/index_1593528026635.html","size":839,"type":"html"}]
2020-06-30 22:40:26.722 [http-nio-9999-exec-1] INFO  com.genius.filemanage.common.utils.FileUtils--->upload Invalid file : []
2020-06-30 22:40:26.722 [http-nio-9999-exec-1] INFO  com.genius.filemanage.common.utils.FileUtils--->upload Fail file : []
2020-06-30 22:40:46.068 [main] WARN  o.s.b.t.j.DuplicateJsonObjectContextCustomizerFactory$DuplicateJsonObjectContextCustomizer-

Found multiple occurrences of org.json.JSONObject on the class path:

	jar:file:/Users/liuxh/Maven/repo/com/vaadin/external/google/android-json/0.0.20131108.vaadin1/android-json-0.0.20131108.vaadin1.jar!/org/json/JSONObject.class
	jar:file:/Users/liuxh/Maven/repo/org/json/json/1.1.0/json-1.1.0.jar!/org/json/JSONObject.class

You may wish to exclude one of them to ensure predictable runtime behavior

2020-06-30 22:40:46.082 [main] INFO  com.genius.filemanage.FileManageApplicationTests-Starting FileManageApplicationTests on Genius.local with PID 99386 (started by liuxh in /Users/liuxh/JavaCode/file-manage)
2020-06-30 22:40:46.084 [main] INFO  com.genius.filemanage.FileManageApplicationTests-No active profile set, falling back to default profiles: default
2020-06-30 22:40:47.117 [main] INFO  o.s.scheduling.concurrent.ThreadPoolTaskExecutor-Initializing ExecutorService 'applicationTaskExecutor'
2020-06-30 22:40:47.383 [main] INFO  com.genius.filemanage.FileManageApplicationTests-Started FileManageApplicationTests in 1.556 seconds (JVM running for 1.998)
2020-06-30 22:40:47.517 [Thread-2] INFO  o.s.scheduling.concurrent.ThreadPoolTaskExecutor-Shutting down ExecutorService 'applicationTaskExecutor'
2020-06-30 22:42:32.783 [Thread-6] INFO  o.s.scheduling.concurrent.ThreadPoolTaskExecutor-Shutting down ExecutorService 'applicationTaskExecutor'
