2020-06-12 20:56:09.229 [main] INFO  com.genius.filemanage.FileManageApplication-Starting FileManageApplication on MacBook-Pro.local with PID 2218 (/Users/liuxh/JavaCode/file-manage/target/classes started by liuxh in /Users/liuxh/JavaCode/file-manage)
2020-06-12 20:56:09.233 [main] INFO  com.genius.filemanage.FileManageApplication-No active profile set, falling back to default profiles: default
2020-06-12 20:56:10.037 [main] INFO  o.s.boot.web.embedded.tomcat.TomcatWebServer-Tomcat initialized with port(s): 9999 (http)
2020-06-12 20:56:10.046 [main] INFO  org.apache.coyote.http11.Http11NioProtocol-Initializing ProtocolHandler ["http-nio-9999"]
2020-06-12 20:56:10.064 [main] INFO  org.apache.catalina.core.StandardService-Starting service [Tomcat]
2020-06-12 20:56:10.064 [main] INFO  org.apache.catalina.core.StandardEngine-Starting Servlet engine: [Apache Tomcat/9.0.17]
2020-06-12 20:56:10.127 [main] INFO  o.a.c.c.C.[Tomcat].[localhost].[/file-manage]-Initializing Spring embedded WebApplicationContext
2020-06-12 20:56:10.127 [main] INFO  org.springframework.web.context.ContextLoader-Root WebApplicationContext: initialization completed in 855 ms
2020-06-12 20:56:10.276 [main] INFO  o.s.scheduling.concurrent.ThreadPoolTaskExecutor-Initializing ExecutorService 'applicationTaskExecutor'
2020-06-12 20:56:10.432 [main] INFO  org.apache.coyote.http11.Http11NioProtocol-Starting ProtocolHandler ["http-nio-9999"]
2020-06-12 20:56:10.463 [main] INFO  o.s.boot.web.embedded.tomcat.TomcatWebServer-Tomcat started on port(s): 9999 (http) with context path '/file-manage'
2020-06-12 20:56:10.466 [main] INFO  com.genius.filemanage.FileManageApplication-Started FileManageApplication in 1.589 seconds (JVM running for 2.685)
2020-06-12 20:57:32.941 [http-nio-9999-exec-1] INFO  o.a.c.c.C.[Tomcat].[localhost].[/file-manage]-Initializing Spring DispatcherServlet 'dispatcherServlet'
2020-06-12 20:57:32.941 [http-nio-9999-exec-1] INFO  org.springframework.web.servlet.DispatcherServlet-Initializing Servlet 'dispatcherServlet'
2020-06-12 20:57:32.948 [http-nio-9999-exec-1] INFO  org.springframework.web.servlet.DispatcherServlet-Completed initialization in 7 ms
2020-06-12 20:57:32.997 [http-nio-9999-exec-1] INFO  com.genius.filemanage.business.service.FileService--->upload Request Address : 0:0:0:0:0:0:0:1
2020-06-12 20:57:33.000 [http-nio-9999-exec-1] INFO  com.genius.filemanage.business.service.FileService--->upload Begin. Path : test
2020-06-12 20:57:33.000 [http-nio-9999-exec-1] INFO  com.genius.filemanage.business.service.FileService--->upload Finish. Path : test/
2020-06-12 20:57:33.001 [http-nio-9999-exec-1] INFO  com.genius.filemanage.common.utils.FileUtils--->upload fileRealName : mysql.txt
2020-06-12 20:57:33.001 [http-nio-9999-exec-1] INFO  com.genius.filemanage.common.utils.FileUtils--->upload fileName : mysql
2020-06-12 20:57:33.079 [http-nio-9999-exec-1] INFO  com.genius.filemanage.common.utils.FileUtils--->upload Success file : [{"name":"mysql.txt","path":"/test/mysql_1591966653002.txt","size":20,"type":"txt"}]
2020-06-12 20:57:33.080 [http-nio-9999-exec-1] INFO  com.genius.filemanage.common.utils.FileUtils--->upload Invalid file : []
2020-06-12 20:57:33.080 [http-nio-9999-exec-1] INFO  com.genius.filemanage.common.utils.FileUtils--->upload Fail file : []
2020-06-12 21:00:33.133 [Thread-5] INFO  o.s.scheduling.concurrent.ThreadPoolTaskExecutor-Shutting down ExecutorService 'applicationTaskExecutor'
2020-06-12 21:00:42.388 [main] INFO  com.genius.filemanage.FileManageApplication-Starting FileManageApplication on MacBook-Pro.local with PID 2268 (/Users/liuxh/JavaCode/file-manage/target/classes started by liuxh in /Users/liuxh/JavaCode/file-manage)
2020-06-12 21:00:42.390 [main] INFO  com.genius.filemanage.FileManageApplication-No active profile set, falling back to default profiles: default
2020-06-12 21:00:43.048 [main] INFO  o.s.boot.web.embedded.tomcat.TomcatWebServer-Tomcat initialized with port(s): 9999 (http)
2020-06-12 21:00:43.057 [main] INFO  org.apache.coyote.http11.Http11NioProtocol-Initializing ProtocolHandler ["http-nio-9999"]
2020-06-12 21:00:43.063 [main] INFO  org.apache.catalina.core.StandardService-Starting service [Tomcat]
2020-06-12 21:00:43.064 [main] INFO  org.apache.catalina.core.StandardEngine-Starting Servlet engine: [Apache Tomcat/9.0.17]
2020-06-12 21:00:43.135 [main] INFO  o.a.c.c.C.[Tomcat].[localhost].[/file-manage]-Initializing Spring embedded WebApplicationContext
2020-06-12 21:00:43.136 [main] INFO  org.springframework.web.context.ContextLoader-Root WebApplicationContext: initialization completed in 722 ms
2020-06-12 21:00:43.296 [main] INFO  o.s.scheduling.concurrent.ThreadPoolTaskExecutor-Initializing ExecutorService 'applicationTaskExecutor'
2020-06-12 21:00:43.461 [main] INFO  org.apache.coyote.http11.Http11NioProtocol-Starting ProtocolHandler ["http-nio-9999"]
2020-06-12 21:00:43.487 [main] INFO  o.s.boot.web.embedded.tomcat.TomcatWebServer-Tomcat started on port(s): 9999 (http) with context path '/file-manage'
2020-06-12 21:00:43.490 [main] INFO  com.genius.filemanage.FileManageApplication-Started FileManageApplication in 1.391 seconds (JVM running for 1.915)
2020-06-12 21:01:54.816 [http-nio-9999-exec-2] INFO  o.a.c.c.C.[Tomcat].[localhost].[/file-manage]-Initializing Spring DispatcherServlet 'dispatcherServlet'
2020-06-12 21:01:54.816 [http-nio-9999-exec-2] INFO  org.springframework.web.servlet.DispatcherServlet-Initializing Servlet 'dispatcherServlet'
2020-06-12 21:01:54.822 [http-nio-9999-exec-2] INFO  org.springframework.web.servlet.DispatcherServlet-Completed initialization in 6 ms
2020-06-12 21:01:54.882 [http-nio-9999-exec-2] INFO  com.genius.filemanage.business.service.FileService--->upload Request Address : 0:0:0:0:0:0:0:1
2020-06-12 21:01:54.884 [http-nio-9999-exec-2] INFO  com.genius.filemanage.business.service.FileService--->upload Begin. Path : test
2020-06-12 21:02:15.689 [http-nio-9999-exec-2] INFO  com.genius.filemanage.business.service.FileService--->upload Finish. Path : test/
2020-06-12 21:02:15.691 [http-nio-9999-exec-2] INFO  com.genius.filemanage.common.utils.FileUtils--->upload fileRealName : mysql.txt
2020-06-12 21:02:15.691 [http-nio-9999-exec-2] INFO  com.genius.filemanage.common.utils.FileUtils--->upload fileName : mysql
2020-06-12 21:02:15.775 [http-nio-9999-exec-2] INFO  com.genius.filemanage.common.utils.FileUtils--->upload Success file : [{"name":"mysql.txt","path":"/test/mysql_1591966935691.txt","size":20,"type":"txt"}]
2020-06-12 21:02:15.775 [http-nio-9999-exec-2] INFO  com.genius.filemanage.common.utils.FileUtils--->upload Invalid file : []
2020-06-12 21:02:15.775 [http-nio-9999-exec-2] INFO  com.genius.filemanage.common.utils.FileUtils--->upload Fail file : []
2020-06-12 22:14:07.298 [Thread-5] INFO  o.s.scheduling.concurrent.ThreadPoolTaskExecutor-Shutting down ExecutorService 'applicationTaskExecutor'
